
2016-08-01 04:56:19...installerHook: Could not find custom/install/install_hooks.php
2016-08-01 04:56:34...installerHook: Could not find custom/install/install_hooks.php
2016-08-01 04:56:39...installerHook: Could not find custom/install/install_hooks.php
2016-08-01 04:56:45...Begin System Check Process *************
2016-08-01 04:56:45...XML Parsing Support Found
2016-08-01 04:56:45...MBString Support Found
2016-08-01 04:56:45...ZIP Support Found
2016-08-01 04:56:45.../custom directory and subdirectory check passed
2016-08-01 04:56:45...cache directory and subdirectory check passed
2016-08-01 04:56:45.../module  directory and subdirectory check passed
2016-08-01 04:56:45.../upload directory check passed
2016-08-01 04:56:45.../zip check passed
2016-08-01 04:56:45.../BCMATH check passed
2016-08-01 04:56:45...Testing .htaccess redirects
2016-08-01 04:56:45...Passed .htaccess redirects check
2016-08-01 04:56:45...installerHook: Could not find custom/install/install_hooks.php
2016-08-01 04:56:45...php.ini location found. /opt/phpbrew/php/php-5.5.36/etc/php.ini
2016-08-01 04:56:45...Outputting HTML for System check
2016-08-01 04:56:45...No Errors were found *************
2016-08-01 04:56:48...installerHook: Could not find custom/install/install_hooks.php
2016-08-01 04:57:07...installerHook: Could not find custom/install/install_hooks.php
2016-08-01 04:57:09...installerHook: Could not find custom/install/install_hooks.php
2016-08-01 04:58:44...Begin DB Check Process *************
2016-08-01 04:58:44...testing with mysql:mysqli
2016-08-01 04:58:44...Basic form info is valid, continuing Process.
2016-08-01 04:58:44...Testing user account...
2016-08-01 04:58:44...Connection made using  host: localhost, usr: root
2016-08-01 04:58:44...Testing priviliged account...
2016-08-01 04:58:44...Connection made using  host: localhost, usr: root
2016-08-01 04:58:44...ERROR:: The provided Database Name already exists.  You can<br>1.  hit the back button and choose a new database name <br>2.  click next and continue but all existing tables on this database will be dropped.  <strong>This means your tables and data will be blown away.</strong>
2016-08-01 04:58:44...Passed DB install check
2016-08-01 04:58:44...WARNING:: no errors detected, but DB tables will be dropped!, issuing warning to user
2016-08-01 04:58:44...End DB Check Process *************
2016-08-01 04:58:46...installerHook: Could not find custom/install/install_hooks.php
2016-08-01 04:58:58...installerHook: Could not find custom/install/install_hooks.php
2016-08-01 04:59:17...installerHook: Could not find custom/install/install_hooks.php
2016-08-01 04:59:28...installerHook: Could not find custom/install/install_hooks.php
2016-08-01 04:59:28...calling handleSugarConfig()
2016-08-01 04:59:28...calling handleLog4Php()
2016-08-01 04:59:28...calling handleHtaccess()
2016-08-01 04:59:28...calling handleDbCharsetCollation()
2016-08-01 04:59:28...Enabling fulltext indexing
2016-08-01 04:59:28...looping through all the Beans and create their tables
2016-08-01 04:59:28...processing table acl_actions
2016-08-01 04:59:28...dropping table acl_actions
2016-08-01 04:59:28...creating table acl_actions
2016-08-01 04:59:28...creating Relationship Meta for ACLAction
2016-08-01 04:59:28...processing table acl_roles
2016-08-01 04:59:28...dropping table acl_roles
2016-08-01 04:59:28...creating table acl_roles
2016-08-01 04:59:28...creating Relationship Meta for ACLRole
2016-08-01 04:59:28...processing table relationships
2016-08-01 04:59:28...dropping table relationships
2016-08-01 04:59:28...creating table relationships
2016-08-01 04:59:28...creating Relationship Meta for Relationship
2016-08-01 04:59:28...processing table acl_role_sets
2016-08-01 04:59:28...dropping table acl_role_sets
2016-08-01 04:59:28...creating table acl_role_sets
2016-08-01 04:59:28...creating Relationship Meta for ACLRoleSet
2016-08-01 04:59:28...processing table leads
2016-08-01 04:59:28...dropping table leads
2016-08-01 04:59:28...creating table leads
2016-08-01 04:59:28...creating Relationship Meta for Lead
2016-08-01 04:59:28...processing table cases
2016-08-01 04:59:28...dropping table cases
2016-08-01 04:59:28...creating table cases
2016-08-01 04:59:28...creating Relationship Meta for Case
2016-08-01 04:59:28...processing table bugs
2016-08-01 04:59:28...dropping table bugs
2016-08-01 04:59:28...creating table bugs
2016-08-01 04:59:28...creating Relationship Meta for Bug
2016-08-01 04:59:28...processing table users
2016-08-01 04:59:28...dropping table users
2016-08-01 04:59:28...creating table users
2016-08-01 04:59:28...creating Relationship Meta for User
2016-08-01 04:59:29...processing table campaign_log
2016-08-01 04:59:29...dropping table campaign_log
2016-08-01 04:59:29...creating table campaign_log
2016-08-01 04:59:29...creating Relationship Meta for CampaignLog
2016-08-01 04:59:29...processing table project
2016-08-01 04:59:29...dropping table project
2016-08-01 04:59:29...creating table project
2016-08-01 04:59:29...creating Relationship Meta for Project
2016-08-01 04:59:29...processing table project_task
2016-08-01 04:59:29...dropping table project_task
2016-08-01 04:59:29...creating table project_task
2016-08-01 04:59:29...creating Relationship Meta for ProjectTask
2016-08-01 04:59:29...processing table campaigns
2016-08-01 04:59:29...dropping table campaigns
2016-08-01 04:59:29...creating table campaigns
2016-08-01 04:59:29...creating Relationship Meta for Campaign
2016-08-01 04:59:29...processing table prospect_lists
2016-08-01 04:59:29...dropping table prospect_lists
2016-08-01 04:59:29...creating table prospect_lists
2016-08-01 04:59:29...creating Relationship Meta for ProspectList
2016-08-01 04:59:29...processing table prospects
2016-08-01 04:59:29...dropping table prospects
2016-08-01 04:59:29...creating table prospects
2016-08-01 04:59:29...creating Relationship Meta for Prospect
2016-08-01 04:59:29...processing table email_marketing
2016-08-01 04:59:29...dropping table email_marketing
2016-08-01 04:59:29...creating table email_marketing
2016-08-01 04:59:29...creating Relationship Meta for EmailMarketing
2016-08-01 04:59:29...processing table campaign_trkrs
2016-08-01 04:59:29...dropping table campaign_trkrs
2016-08-01 04:59:29...creating table campaign_trkrs
2016-08-01 04:59:29...creating Relationship Meta for CampaignTracker
2016-08-01 04:59:29...processing table releases
2016-08-01 04:59:29...dropping table releases
2016-08-01 04:59:29...creating table releases
2016-08-01 04:59:29...creating Relationship Meta for Release
2016-08-01 04:59:29...processing table emailman
2016-08-01 04:59:29...dropping table emailman
2016-08-01 04:59:29...creating table emailman
2016-08-01 04:59:29...creating Relationship Meta for EmailMan
2016-08-01 04:59:29...processing table schedulers
2016-08-01 04:59:29...dropping table schedulers
2016-08-01 04:59:29...creating table schedulers
2016-08-01 04:59:29...creating Relationship Meta for Scheduler
2016-08-01 04:59:29...processing table job_queue
2016-08-01 04:59:29...dropping table job_queue
2016-08-01 04:59:29...creating table job_queue
2016-08-01 04:59:29...creating Relationship Meta for SchedulersJob
2016-08-01 04:59:29...processing table contacts
2016-08-01 04:59:29...dropping table contacts
2016-08-01 04:59:29...creating table contacts
2016-08-01 04:59:29...creating Relationship Meta for Contact
2016-08-01 04:59:29...processing table accounts
2016-08-01 04:59:29...dropping table accounts
2016-08-01 04:59:29...creating table accounts
2016-08-01 04:59:29...creating Relationship Meta for Account
2016-08-01 04:59:29...processing table opportunities
2016-08-01 04:59:29...dropping table opportunities
2016-08-01 04:59:29...creating table opportunities
2016-08-01 04:59:29...creating Relationship Meta for Opportunity
2016-08-01 04:59:29...processing table email_templates
2016-08-01 04:59:29...dropping table email_templates
2016-08-01 04:59:29...creating table email_templates
2016-08-01 04:59:29...creating Relationship Meta for EmailTemplate
2016-08-01 04:59:29...processing table users_signatures
2016-08-01 04:59:29...dropping table users_signatures
2016-08-01 04:59:29...creating table users_signatures
2016-08-01 04:59:29...creating Relationship Meta for UserSignature
2016-08-01 04:59:29...processing table notes
2016-08-01 04:59:29...dropping table notes
2016-08-01 04:59:29...creating table notes
2016-08-01 04:59:29...creating Relationship Meta for Note
2016-08-01 04:59:29...processing table calls
2016-08-01 04:59:29...dropping table calls
2016-08-01 04:59:29...creating table calls
2016-08-01 04:59:29...creating Relationship Meta for Call
2016-08-01 04:59:29...processing table emails
2016-08-01 04:59:29...dropping table emails
2016-08-01 04:59:29...creating table emails
2016-08-01 04:59:29...creating Relationship Meta for Email
2016-08-01 04:59:29...processing table meetings
2016-08-01 04:59:29...dropping table meetings
2016-08-01 04:59:29...creating table meetings
2016-08-01 04:59:29...creating Relationship Meta for Meeting
2016-08-01 04:59:29...processing table tasks
2016-08-01 04:59:29...dropping table tasks
2016-08-01 04:59:29...creating table tasks
2016-08-01 04:59:29...creating Relationship Meta for Task
2016-08-01 04:59:29...processing table users
2016-08-01 04:59:29...processing table users
2016-08-01 04:59:29...processing table currencies
2016-08-01 04:59:29...dropping table currencies
2016-08-01 04:59:29...creating table currencies
2016-08-01 04:59:29...creating Relationship Meta for Currency
2016-08-01 04:59:30...processing table tracker
2016-08-01 04:59:30...dropping table tracker
2016-08-01 04:59:30...creating table tracker
2016-08-01 04:59:30...creating Relationship Meta for Tracker
2016-08-01 04:59:30...processing table tracker_perf
2016-08-01 04:59:30...dropping table tracker_perf
2016-08-01 04:59:30...creating table tracker_perf
2016-08-01 04:59:30...creating Relationship Meta for tracker_perf
2016-08-01 04:59:30...processing table tracker_sessions
2016-08-01 04:59:30...dropping table tracker_sessions
2016-08-01 04:59:30...creating table tracker_sessions
2016-08-01 04:59:30...creating Relationship Meta for tracker_sessions
2016-08-01 04:59:30...processing table tracker_queries
2016-08-01 04:59:30...dropping table tracker_queries
2016-08-01 04:59:30...creating table tracker_queries
2016-08-01 04:59:30...creating Relationship Meta for tracker_queries
2016-08-01 04:59:30...processing table import_maps
2016-08-01 04:59:30...dropping table import_maps
2016-08-01 04:59:30...creating table import_maps
2016-08-01 04:59:30...creating Relationship Meta for ImportMap
2016-08-01 04:59:30...processing table users_last_import
2016-08-01 04:59:30...dropping table users_last_import
2016-08-01 04:59:30...creating table users_last_import
2016-08-01 04:59:30...creating Relationship Meta for UsersLastImport
2016-08-01 04:59:30...processing table config
2016-08-01 04:59:30...dropping table config
2016-08-01 04:59:30...creating table config
2016-08-01 04:59:30...creating Relationship Meta for Administration
2016-08-01 04:59:30...processing table upgrade_history
2016-08-01 04:59:30...dropping table upgrade_history
2016-08-01 04:59:30...creating table upgrade_history
2016-08-01 04:59:30...creating Relationship Meta for UpgradeHistory
2016-08-01 04:59:30...processing table vcals
2016-08-01 04:59:30...dropping table vcals
2016-08-01 04:59:30...creating table vcals
2016-08-01 04:59:30...creating Relationship Meta for vCal
2016-08-01 04:59:30...processing table versions
2016-08-01 04:59:30...dropping table versions
2016-08-01 04:59:30...creating table versions
2016-08-01 04:59:30...creating Relationship Meta for Version
2016-08-01 04:59:30...processing table roles
2016-08-01 04:59:30...dropping table roles
2016-08-01 04:59:30...creating table roles
2016-08-01 04:59:30...creating Relationship Meta for Role
2016-08-01 04:59:30...processing table documents
2016-08-01 04:59:30...dropping table documents
2016-08-01 04:59:30...creating table documents
2016-08-01 04:59:30...creating Relationship Meta for Document
2016-08-01 04:59:30...processing table document_revisions
2016-08-01 04:59:30...dropping table document_revisions
2016-08-01 04:59:30...creating table document_revisions
2016-08-01 04:59:30...creating Relationship Meta for DocumentRevision
2016-08-01 04:59:30...processing table fields_meta_data
2016-08-01 04:59:30...dropping table fields_meta_data
2016-08-01 04:59:30...creating table fields_meta_data
2016-08-01 04:59:30...creating Relationship Meta for FieldsMetaData
2016-08-01 04:59:30...processing table inbound_email
2016-08-01 04:59:30...dropping table inbound_email
2016-08-01 04:59:30...creating table inbound_email
2016-08-01 04:59:30...creating Relationship Meta for InboundEmail
2016-08-01 04:59:30...processing table saved_search
2016-08-01 04:59:30...dropping table saved_search
2016-08-01 04:59:30...creating table saved_search
2016-08-01 04:59:30...creating Relationship Meta for SavedSearch
2016-08-01 04:59:30...processing table user_preferences
2016-08-01 04:59:30...dropping table user_preferences
2016-08-01 04:59:30...creating table user_preferences
2016-08-01 04:59:30...creating Relationship Meta for UserPreference
2016-08-01 04:59:30...processing table 
2016-08-01 04:59:30...processing table email_addresses
2016-08-01 04:59:30...dropping table email_addresses
2016-08-01 04:59:30...creating table email_addresses
2016-08-01 04:59:30...creating Relationship Meta for EmailAddress
2016-08-01 04:59:30...processing table emails_text
2016-08-01 04:59:30...dropping table emails_text
2016-08-01 04:59:30...creating table emails_text
2016-08-01 04:59:30...creating Relationship Meta for EmailText
2016-08-01 04:59:30...processing table saved_reports
2016-08-01 04:59:30...dropping table saved_reports
2016-08-01 04:59:30...creating table saved_reports
2016-08-01 04:59:30...creating Relationship Meta for SavedReport
2016-08-01 04:59:30...processing table acl_fields
2016-08-01 04:59:30...dropping table acl_fields
2016-08-01 04:59:30...creating table acl_fields
2016-08-01 04:59:30...creating Relationship Meta for ACLField
2016-08-01 04:59:30...processing table contracts
2016-08-01 04:59:30...dropping table contracts
2016-08-01 04:59:30...creating table contracts
2016-08-01 04:59:30...creating Relationship Meta for Contract
2016-08-01 04:59:30...processing table teams
2016-08-01 04:59:30...dropping table teams
2016-08-01 04:59:30...creating table teams
2016-08-01 04:59:30...creating Relationship Meta for Team
2016-08-01 04:59:30...processing table team_memberships
2016-08-01 04:59:30...dropping table team_memberships
2016-08-01 04:59:30...creating table team_memberships
2016-08-01 04:59:30...creating Relationship Meta for TeamMembership
2016-08-01 04:59:30...processing table team_sets
2016-08-01 04:59:30...dropping table team_sets
2016-08-01 04:59:30...creating table team_sets
2016-08-01 04:59:30...creating Relationship Meta for TeamSet
2016-08-01 04:59:30...processing table team_sets_modules
2016-08-01 04:59:30...dropping table team_sets_modules
2016-08-01 04:59:30...creating table team_sets_modules
2016-08-01 04:59:30...creating Relationship Meta for TeamSetModule
2016-08-01 04:59:30...processing table team_notices
2016-08-01 04:59:30...dropping table team_notices
2016-08-01 04:59:30...creating table team_notices
2016-08-01 04:59:30...creating Relationship Meta for TeamNotices
2016-08-01 04:59:30...processing table product_templates
2016-08-01 04:59:30...dropping table product_templates
2016-08-01 04:59:30...creating table product_templates
2016-08-01 04:59:30...creating Relationship Meta for ProductTemplate
2016-08-01 04:59:30...processing table product_types
2016-08-01 04:59:30...dropping table product_types
2016-08-01 04:59:30...creating table product_types
2016-08-01 04:59:30...creating Relationship Meta for ProductType
2016-08-01 04:59:30...processing table product_categories
2016-08-01 04:59:30...dropping table product_categories
2016-08-01 04:59:30...creating table product_categories
2016-08-01 04:59:30...creating Relationship Meta for ProductCategory
2016-08-01 04:59:30...processing table manufacturers
2016-08-01 04:59:30...dropping table manufacturers
2016-08-01 04:59:30...creating table manufacturers
2016-08-01 04:59:30...creating Relationship Meta for Manufacturer
2016-08-01 04:59:30...processing table quotes
2016-08-01 04:59:30...dropping table quotes
2016-08-01 04:59:30...creating table quotes
2016-08-01 04:59:30...creating Relationship Meta for Quote
2016-08-01 04:59:30...processing table product_bundle_notes
2016-08-01 04:59:30...dropping table product_bundle_notes
2016-08-01 04:59:30...creating table product_bundle_notes
2016-08-01 04:59:30...creating Relationship Meta for ProductBundleNote
2016-08-01 04:59:30...processing table products
2016-08-01 04:59:30...dropping table products
2016-08-01 04:59:30...creating table products
2016-08-01 04:59:30...creating Relationship Meta for Product
2016-08-01 04:59:30...processing table product_bundles
2016-08-01 04:59:30...dropping table product_bundles
2016-08-01 04:59:30...creating table product_bundles
2016-08-01 04:59:30...creating Relationship Meta for ProductBundle
2016-08-01 04:59:30...processing table revenue_line_items
2016-08-01 04:59:30...dropping table revenue_line_items
2016-08-01 04:59:30...creating table revenue_line_items
2016-08-01 04:59:30...creating Relationship Meta for RevenueLineItem
2016-08-01 04:59:30...processing table shippers
2016-08-01 04:59:30...dropping table shippers
2016-08-01 04:59:30...creating table shippers
2016-08-01 04:59:30...creating Relationship Meta for Shipper
2016-08-01 04:59:30...processing table taxrates
2016-08-01 04:59:30...dropping table taxrates
2016-08-01 04:59:30...creating table taxrates
2016-08-01 04:59:30...creating Relationship Meta for TaxRate
2016-08-01 04:59:30...processing table timeperiods
2016-08-01 04:59:30...dropping table timeperiods
2016-08-01 04:59:30...creating table timeperiods
2016-08-01 04:59:30...creating Relationship Meta for TimePeriod
2016-08-01 04:59:30...processing table timeperiods
2016-08-01 04:59:30...processing table timeperiods
2016-08-01 04:59:30...processing table timeperiods
2016-08-01 04:59:30...processing table timeperiods
2016-08-01 04:59:30...processing table timeperiods
2016-08-01 04:59:30...processing table timeperiods
2016-08-01 04:59:30...processing table forecasts
2016-08-01 04:59:30...dropping table forecasts
2016-08-01 04:59:30...creating table forecasts
2016-08-01 04:59:30...creating Relationship Meta for Forecast
2016-08-01 04:59:30...processing table forecast_worksheets
2016-08-01 04:59:30...dropping table forecast_worksheets
2016-08-01 04:59:30...creating table forecast_worksheets
2016-08-01 04:59:30...creating Relationship Meta for ForecastWorksheet
2016-08-01 04:59:31...processing table forecast_manager_worksheets
2016-08-01 04:59:31...dropping table forecast_manager_worksheets
2016-08-01 04:59:31...creating table forecast_manager_worksheets
2016-08-01 04:59:31...creating Relationship Meta for ForecastManagerWorksheet
2016-08-01 04:59:31...processing table opportunities
2016-08-01 04:59:31...processing table users
2016-08-01 04:59:31...processing table quotas
2016-08-01 04:59:31...dropping table quotas
2016-08-01 04:59:31...creating table quotas
2016-08-01 04:59:31...creating Relationship Meta for Quota
2016-08-01 04:59:31...processing table workflow
2016-08-01 04:59:31...dropping table workflow
2016-08-01 04:59:31...creating table workflow
2016-08-01 04:59:31...creating Relationship Meta for WorkFlow
2016-08-01 04:59:31...processing table workflow_triggershells
2016-08-01 04:59:31...dropping table workflow_triggershells
2016-08-01 04:59:31...creating table workflow_triggershells
2016-08-01 04:59:31...creating Relationship Meta for WorkFlowTriggerShell
2016-08-01 04:59:31...processing table workflow_alertshells
2016-08-01 04:59:31...dropping table workflow_alertshells
2016-08-01 04:59:31...creating table workflow_alertshells
2016-08-01 04:59:31...creating Relationship Meta for WorkFlowAlertShell
2016-08-01 04:59:31...processing table workflow_alerts
2016-08-01 04:59:31...dropping table workflow_alerts
2016-08-01 04:59:31...creating table workflow_alerts
2016-08-01 04:59:31...creating Relationship Meta for WorkFlowAlert
2016-08-01 04:59:31...processing table workflow_actionshells
2016-08-01 04:59:31...dropping table workflow_actionshells
2016-08-01 04:59:31...creating table workflow_actionshells
2016-08-01 04:59:31...creating Relationship Meta for WorkFlowActionShell
2016-08-01 04:59:31...processing table workflow_actions
2016-08-01 04:59:31...dropping table workflow_actions
2016-08-01 04:59:31...creating table workflow_actions
2016-08-01 04:59:31...creating Relationship Meta for WorkFlowAction
2016-08-01 04:59:31...processing table expressions
2016-08-01 04:59:31...dropping table expressions
2016-08-01 04:59:31...creating table expressions
2016-08-01 04:59:31...creating Relationship Meta for Expression
2016-08-01 04:59:31...processing table systems
2016-08-01 04:59:31...dropping table systems
2016-08-01 04:59:31...creating table systems
2016-08-01 04:59:31...creating Relationship Meta for System
2016-08-01 04:59:31...processing table session_active
2016-08-01 04:59:31...dropping table session_active
2016-08-01 04:59:31...creating table session_active
2016-08-01 04:59:31...creating Relationship Meta for SessionManager
2016-08-01 04:59:31...processing table kbdocuments
2016-08-01 04:59:31...dropping table kbdocuments
2016-08-01 04:59:31...creating table kbdocuments
2016-08-01 04:59:31...creating Relationship Meta for KBDocument
2016-08-01 04:59:31...processing table kbdocument_revisions
2016-08-01 04:59:31...dropping table kbdocument_revisions
2016-08-01 04:59:31...creating table kbdocument_revisions
2016-08-01 04:59:31...creating Relationship Meta for KBDocumentRevision
2016-08-01 04:59:31...processing table kbtags
2016-08-01 04:59:31...dropping table kbtags
2016-08-01 04:59:31...creating table kbtags
2016-08-01 04:59:31...creating Relationship Meta for KBTag
2016-08-01 04:59:31...processing table kbdocuments_kbtags
2016-08-01 04:59:31...dropping table kbdocuments_kbtags
2016-08-01 04:59:31...creating table kbdocuments_kbtags
2016-08-01 04:59:31...creating Relationship Meta for KBDocumentKBTag
2016-08-01 04:59:31...processing table kbcontents
2016-08-01 04:59:31...dropping table kbcontents
2016-08-01 04:59:31...creating table kbcontents
2016-08-01 04:59:31...creating Relationship Meta for KBContent
2016-08-01 04:59:31...processing table contract_types
2016-08-01 04:59:31...dropping table contract_types
2016-08-01 04:59:31...creating table contract_types
2016-08-01 04:59:31...creating Relationship Meta for ContractType
2016-08-01 04:59:31...processing table project_resources
2016-08-01 04:59:31...dropping table project_resources
2016-08-01 04:59:31...creating table project_resources
2016-08-01 04:59:31...creating Relationship Meta for ProjectResource
2016-08-01 04:59:31...processing table holidays
2016-08-01 04:59:31...dropping table holidays
2016-08-01 04:59:31...creating table holidays
2016-08-01 04:59:31...creating Relationship Meta for Holiday
2016-08-01 04:59:31...processing table 
2016-08-01 04:59:31...processing table styleguide
2016-08-01 04:59:31...dropping table styleguide
2016-08-01 04:59:31...creating table styleguide
2016-08-01 04:59:31...creating Relationship Meta for Styleguide
2016-08-01 04:59:31...processing table notifications
2016-08-01 04:59:31...dropping table notifications
2016-08-01 04:59:31...creating table notifications
2016-08-01 04:59:31...creating Relationship Meta for Notifications
2016-08-01 04:59:31...processing table eapm
2016-08-01 04:59:31...dropping table eapm
2016-08-01 04:59:31...creating table eapm
2016-08-01 04:59:31...creating Relationship Meta for EAPM
2016-08-01 04:59:31...processing table oauth_consumer
2016-08-01 04:59:31...dropping table oauth_consumer
2016-08-01 04:59:31...creating table oauth_consumer
2016-08-01 04:59:31...creating Relationship Meta for OAuthKey
2016-08-01 04:59:31...processing table oauth_tokens
2016-08-01 04:59:31...dropping table oauth_tokens
2016-08-01 04:59:31...creating table oauth_tokens
2016-08-01 04:59:31...creating Relationship Meta for OAuthToken
2016-08-01 04:59:31...processing table sugarfavorites
2016-08-01 04:59:31...dropping table sugarfavorites
2016-08-01 04:59:31...creating table sugarfavorites
2016-08-01 04:59:31...creating Relationship Meta for SugarFavorites
2016-08-01 04:59:31...processing table weblogichooks
2016-08-01 04:59:31...dropping table weblogichooks
2016-08-01 04:59:31...creating table weblogichooks
2016-08-01 04:59:31...creating Relationship Meta for WebLogicHook
2016-08-01 04:59:31...processing table activities
2016-08-01 04:59:31...dropping table activities
2016-08-01 04:59:31...creating table activities
2016-08-01 04:59:31...creating Relationship Meta for Activity
2016-08-01 04:59:31...processing table comments
2016-08-01 04:59:31...dropping table comments
2016-08-01 04:59:31...creating table comments
2016-08-01 04:59:31...creating Relationship Meta for Comment
2016-08-01 04:59:31...processing table subscriptions
2016-08-01 04:59:31...dropping table subscriptions
2016-08-01 04:59:31...creating table subscriptions
2016-08-01 04:59:31...creating Relationship Meta for Subscription
2016-08-01 04:59:31...processing table filters
2016-08-01 04:59:31...dropping table filters
2016-08-01 04:59:31...creating table filters
2016-08-01 04:59:31...creating Relationship Meta for Filters
2016-08-01 04:59:31...processing table dashboards
2016-08-01 04:59:31...dropping table dashboards
2016-08-01 04:59:31...creating table dashboards
2016-08-01 04:59:31...creating Relationship Meta for Dashboard
2016-08-01 04:59:31...processing table pdfmanager
2016-08-01 04:59:31...dropping table pdfmanager
2016-08-01 04:59:31...creating table pdfmanager
2016-08-01 04:59:31...creating Relationship Meta for PdfManager
2016-08-01 04:59:33...Begin creating Defaults
2016-08-01 04:59:33...insert defaults into config table
2016-08-01 04:59:33...Updating license information
2016-08-01 04:59:33...Creating default users
2016-08-01 04:59:33...Creating default reports
2016-08-01 04:59:33...Creating default scheduler jobs
2016-08-01 04:59:33...create kb tag default data
2016-08-01 04:59:34...creating new user for Snip
2016-08-01 04:59:34...populating the db with seed data
2016-08-01 04:59:34...running full indexer